2025-06-03 19:13:31,913 - INFO - Iniciando nó Computador3 em 127.0.0.1:6002
2025-06-03 19:13:31,921 - INFO - [Computador3] Receptor ativo em 127.0.0.1:6002
2025-06-03 19:13:31,921 - INFO - [Computador3] Aguardando mensagens e tokens...
2025-06-03 19:13:31,921 - INFO - [Computador3] Próximo nó: 127.0.0.1:6000
2025-06-03 19:13:31,921 - INFO - [Computador3] Nó Computador3 adicionado ao mapeamento: 127.0.0.1:6002
2025-06-03 19:13:31,921 - INFO - [Computador3] Enviando mensagem de descoberta para 127.0.0.1:6000
2025-06-03 19:13:32,555 - INFO - [Computador3] ✅ Token recebido - Pronto para enviar mensagens
2025-06-03 19:13:32,624 - INFO - [Computador3] Nenhuma mensagem. Enviando token.
2025-06-03 19:13:37,581 - INFO - [Computador3] ✅ Token recebido - Pronto para enviar mensagens
2025-06-03 19:13:37,651 - INFO - [Computador3] Nenhuma mensagem. Enviando token.
2025-06-03 19:13:42,611 - INFO - [Computador3] ✅ Token recebido - Pronto para enviar mensagens
2025-06-03 19:13:42,677 - INFO - [Computador3] Nenhuma mensagem. Enviando token.
2025-06-03 19:13:47,637 - INFO - [Computador3] ✅ Token recebido - Pronto para enviar mensagens
2025-06-03 19:13:47,703 - INFO - [Computador3] Nenhuma mensagem. Enviando token.
2025-06-03 19:13:52,663 - INFO - [Computador3] ✅ Token recebido - Pronto para enviar mensagens
2025-06-03 19:13:52,730 - INFO - [Computador3] Nenhuma mensagem. Enviando token.
2025-06-03 19:13:57,691 - INFO - [Computador3] ✅ Token recebido - Pronto para enviar mensagens
2025-06-03 19:13:57,758 - INFO - [Computador3] Nenhuma mensagem. Enviando token.
2025-06-03 19:14:02,720 - INFO - [Computador3] ✅ Token recebido - Pronto para enviar mensagens
2025-06-03 19:14:02,795 - INFO - [Computador3] Nenhuma mensagem. Enviando token.
2025-06-03 19:14:07,747 - INFO - [Computador3] ✅ Token recebido - Pronto para enviar mensagens
2025-06-03 19:14:07,825 - INFO - [Computador3] Nenhuma mensagem. Enviando token.
2025-06-03 19:14:12,774 - INFO - [Computador3] ✅ Token recebido - Pronto para enviar mensagens
2025-06-03 19:14:12,852 - INFO - [Computador3] Nenhuma mensagem. Enviando token.
2025-06-03 19:14:17,808 - INFO - [Computador3] ✅ Token recebido - Pronto para enviar mensagens
2025-06-03 19:14:17,880 - INFO - [Computador3] Nenhuma mensagem. Enviando token.
2025-06-03 19:14:23,437 - INFO - [Computador3] ✅ Token recebido - Pronto para enviar mensagens
2025-06-03 19:14:23,510 - INFO - [Computador3] Nenhuma mensagem. Enviando token.
2025-06-03 19:14:28,463 - INFO - [Computador3] ✅ Token recebido - Pronto para enviar mensagens
2025-06-03 19:14:28,548 - INFO - [Computador3] Nenhuma mensagem. Enviando token.
2025-06-03 19:14:33,489 - INFO - [Computador3] ✅ Token recebido - Pronto para enviar mensagens
2025-06-03 19:14:33,574 - INFO - [Computador3] Nenhuma mensagem. Enviando token.
2025-06-03 19:14:38,546 - INFO - [Computador3] ✅ Token recebido - Pronto para enviar mensagens
2025-06-03 19:14:38,612 - INFO - [Computador3] Nenhuma mensagem. Enviando token.
2025-06-03 19:14:43,572 - INFO - [Computador3] ✅ Token recebido - Pronto para enviar mensagens
2025-06-03 19:14:43,639 - INFO - [Computador3] Nenhuma mensagem. Enviando token.
2025-06-03 19:14:50,341 - ERROR - Erro na interface: 
2025-06-03 19:14:50,341 - INFO - Encerrando aplicação...
