2025-05-21 16:07:55,354 - INFO - Iniciando nó Bob em 127.0.0.1:6001
2025-05-21 16:07:55,354 - INFO - [Bob] Receptor ativo em 127.0.0.1:6001
2025-05-21 16:07:55,354 - INFO - [Bob] Aguardando mensagens e tokens...
2025-05-21 16:07:55,354 - INFO - [Bob] Próximo nó: 127.0.0.1:6001
2025-05-21 16:08:00,370 - INFO - [Bob] ⚠️ TIMEOUT! Regenerando token...
2025-05-21 16:08:00,370 - INFO - [Bob] Última passagem do token: 5.02s atrás
2025-05-21 16:08:00,370 - INFO - [Bob] ✅ Token recebido - Pronto para enviar mensagens
2025-05-21 16:08:00,372 - INFO - [Bob] Nenhuma mensagem. Enviando token.
2025-05-21 16:08:00,372 - INFO - [Bob] ⚠️ ALERTA: Token recebido muito rápido!
2025-05-21 16:08:00,372 - INFO - [Bob] Tempo desde último token: 0.00s
2025-05-21 16:08:05,375 - INFO - [Bob] ⚠️ TIMEOUT! Regenerando token...
2025-05-21 16:08:05,375 - INFO - [Bob] Última passagem do token: 5.01s atrás
2025-05-21 16:08:05,375 - INFO - [Bob] ✅ Token recebido - Pronto para enviar mensagens
2025-05-21 16:08:05,375 - INFO - [Bob] Nenhuma mensagem. Enviando token.
2025-05-21 16:08:05,381 - INFO - [Bob] ⚠️ ALERTA: Token recebido muito rápido!
2025-05-21 16:08:05,381 - INFO - [Bob] Tempo desde último token: 0.00s
2025-05-21 16:08:10,383 - INFO - [Bob] ⚠️ TIMEOUT! Regenerando token...
2025-05-21 16:08:10,383 - INFO - [Bob] Última passagem do token: 5.01s atrás
2025-05-21 16:08:10,385 - INFO - [Bob] ✅ Token recebido - Pronto para enviar mensagens
2025-05-21 16:08:10,385 - INFO - [Bob] Nenhuma mensagem. Enviando token.
2025-05-21 16:08:10,385 - INFO - [Bob] ⚠️ ALERTA: Token recebido muito rápido!
2025-05-21 16:08:10,385 - INFO - [Bob] Tempo desde último token: 0.00s
2025-05-21 16:08:15,388 - INFO - [Bob] ⚠️ TIMEOUT! Regenerando token...
2025-05-21 16:08:15,388 - INFO - [Bob] Última passagem do token: 5.00s atrás
2025-05-21 16:08:15,390 - INFO - [Bob] ✅ Token recebido - Pronto para enviar mensagens
2025-05-21 16:08:15,390 - INFO - [Bob] Nenhuma mensagem. Enviando token.
2025-05-21 16:08:15,391 - INFO - [Bob] ⚠️ ALERTA: Token recebido muito rápido!
2025-05-21 16:08:15,392 - INFO - [Bob] Tempo desde último token: 0.00s
2025-05-21 16:08:20,393 - INFO - [Bob] ⚠️ TIMEOUT! Regenerando token...
2025-05-21 16:08:20,393 - INFO - [Bob] Última passagem do token: 5.00s atrás
2025-05-21 16:08:20,393 - INFO - [Bob] ✅ Token recebido - Pronto para enviar mensagens
2025-05-21 16:08:20,393 - INFO - [Bob] Nenhuma mensagem. Enviando token.
2025-05-21 16:08:20,393 - INFO - [Bob] ⚠️ ALERTA: Token recebido muito rápido!
2025-05-21 16:08:20,393 - INFO - [Bob] Tempo desde último token: 0.00s
2025-05-21 16:08:25,404 - INFO - [Bob] ⚠️ TIMEOUT! Regenerando token...
2025-05-21 16:08:25,405 - INFO - [Bob] Última passagem do token: 5.01s atrás
2025-05-21 16:08:25,407 - INFO - [Bob] ⚠️ ALERTA: Token recebido muito rápido!
2025-05-21 16:08:25,408 - INFO - [Bob] Tempo desde último token: 0.00s
2025-05-21 16:08:30,409 - INFO - [Bob] ⚠️ TIMEOUT! Regenerando token...
2025-05-21 16:08:30,409 - INFO - [Bob] Última passagem do token: 5.00s atrás
2025-05-21 16:08:30,410 - INFO - [Bob] ✅ Token recebido - Pronto para enviar mensagens
2025-05-21 16:08:30,410 - INFO - [Bob] Nenhuma mensagem. Enviando token.
2025-05-21 16:08:30,411 - INFO - [Bob] ⚠️ ALERTA: Token recebido muito rápido!
2025-05-21 16:08:30,411 - INFO - [Bob] Tempo desde último token: 0.00s
2025-05-21 16:08:35,413 - INFO - [Bob] ⚠️ TIMEOUT! Regenerando token...
2025-05-21 16:08:35,414 - INFO - [Bob] Última passagem do token: 5.00s atrás
2025-05-21 16:08:35,414 - INFO - [Bob] ✅ Token recebido - Pronto para enviar mensagens
2025-05-21 16:08:35,415 - INFO - [Bob] Nenhuma mensagem. Enviando token.
2025-05-21 16:08:35,417 - INFO - [Bob] ⚠️ ALERTA: Token recebido muito rápido!
2025-05-21 16:08:35,417 - INFO - [Bob] Tempo desde último token: 0.00s
2025-05-21 16:08:40,420 - INFO - [Bob] ⚠️ TIMEOUT! Regenerando token...
2025-05-21 16:08:40,420 - INFO - [Bob] Última passagem do token: 5.01s atrás
2025-05-21 16:08:40,420 - INFO - [Bob] ⚠️ ALERTA: Token recebido muito rápido!
2025-05-21 16:08:40,420 - INFO - [Bob] Tempo desde último token: 0.00s
2025-05-21 16:08:45,423 - INFO - [Bob] ⚠️ TIMEOUT! Regenerando token...
2025-05-21 16:08:45,423 - INFO - [Bob] Última passagem do token: 5.00s atrás
2025-05-21 16:08:45,424 - INFO - [Bob] ⚠️ ALERTA: Token recebido muito rápido!
2025-05-21 16:08:45,424 - INFO - [Bob] Tempo desde último token: 0.00s
2025-05-21 16:08:50,426 - INFO - [Bob] ⚠️ TIMEOUT! Regenerando token...
2025-05-21 16:08:50,426 - INFO - [Bob] Última passagem do token: 5.00s atrás
2025-05-21 16:08:50,426 - INFO - [Bob] ⚠️ ALERTA: Token recebido muito rápido!
2025-05-21 16:08:50,426 - INFO - [Bob] Tempo desde último token: 0.00s
2025-05-21 16:08:51,084 - INFO - [Fila] Mensagem adicionada: 16:08:51 | Bob -> Mary: ola
2025-05-21 16:08:55,429 - INFO - [Bob] ⚠️ TIMEOUT! Regenerando token...
2025-05-21 16:08:55,429 - INFO - [Bob] Última passagem do token: 5.00s atrás
2025-05-21 16:08:55,429 - INFO - [Bob] ✅ Token recebido - Pronto para enviar mensagens
2025-05-21 16:08:55,433 - INFO - [Bob] Enviando mensagem para Mary
2025-05-21 16:08:55,433 - INFO - [Bob] Ignorando mensagem própria: 16:08:51 | Bob -> Mary: ola
2025-05-21 16:08:55,433 - INFO - [Bob] Mensagem enviada: 16:08:51 | Bob -> Mary: ola
2025-05-21 16:09:00,444 - INFO - [Bob] ⚠️ TIMEOUT! Regenerando token...
2025-05-21 16:09:00,444 - INFO - [Bob] Última passagem do token: 5.01s atrás
2025-05-21 16:09:00,444 - INFO - [Bob] ✅ Token recebido - Pronto para enviar mensagens
2025-05-21 16:09:00,444 - INFO - [Bob] Enviando mensagem para Mary
2025-05-21 16:09:00,444 - INFO - [Bob] Ignorando mensagem própria: 16:08:51 | Bob -> Mary: ola
2025-05-21 16:09:00,444 - INFO - [Bob] Mensagem enviada: 16:08:51 | Bob -> Mary: ola
2025-05-21 16:09:02,330 - INFO - [Fila] Mensagem adicionada: 16:09:02 | Bob -> Mary: oaslslasalsa
2025-05-21 16:09:05,456 - INFO - [Bob] ⚠️ TIMEOUT! Regenerando token...
2025-05-21 16:09:05,456 - INFO - [Bob] Última passagem do token: 5.01s atrás
2025-05-21 16:09:05,456 - INFO - [Bob] ✅ Token recebido - Pronto para enviar mensagens
2025-05-21 16:09:05,456 - INFO - [Bob] Enviando mensagem para Mary
2025-05-21 16:09:05,459 - INFO - [Bob] Ignorando mensagem própria: 16:08:51 | Bob -> Mary: ola
2025-05-21 16:09:05,459 - INFO - [Bob] Mensagem enviada: 16:08:51 | Bob -> Mary: ola
2025-05-21 16:09:09,149 - INFO - [Fila] Mensagem adicionada: 16:09:09 | Bob -> John: skks
2025-05-21 16:09:10,461 - INFO - [Bob] ⚠️ TIMEOUT! Regenerando token...
2025-05-21 16:09:10,461 - INFO - [Bob] Última passagem do token: 5.01s atrás
2025-05-21 16:09:10,461 - INFO - [Bob] ✅ Token recebido - Pronto para enviar mensagens
2025-05-21 16:09:10,464 - INFO - [Bob] Enviando mensagem para Mary
2025-05-21 16:09:10,464 - INFO - [Bob] Ignorando mensagem própria: 16:08:51 | Bob -> Mary: ola
2025-05-21 16:09:10,464 - INFO - [Bob] Mensagem enviada: 16:08:51 | Bob -> Mary: ola
2025-05-21 16:09:15,472 - INFO - [Bob] ⚠️ TIMEOUT! Regenerando token...
2025-05-21 16:09:15,472 - INFO - [Bob] Última passagem do token: 5.01s atrás
2025-05-21 16:09:15,474 - INFO - [Bob] ✅ Token recebido - Pronto para enviar mensagens
2025-05-21 16:09:15,476 - INFO - [Bob] Enviando mensagem para Mary
2025-05-21 16:09:15,478 - INFO - [Bob] Ignorando mensagem própria: 16:08:51 | Bob -> Mary: ola
2025-05-21 16:09:15,478 - INFO - [Bob] Mensagem enviada: 16:08:51 | Bob -> Mary: ola
2025-05-21 16:09:20,485 - INFO - [Bob] ⚠️ TIMEOUT! Regenerando token...
2025-05-21 16:09:20,485 - INFO - [Bob] Última passagem do token: 5.01s atrás
2025-05-21 16:09:20,485 - INFO - [Bob] ✅ Token recebido - Pronto para enviar mensagens
2025-05-21 16:09:20,485 - INFO - [Bob] Enviando mensagem para Mary
2025-05-21 16:09:20,485 - INFO - [Bob] Ignorando mensagem própria: 16:08:51 | Bob -> Mary: ola
2025-05-21 16:09:20,489 - INFO - [Bob] Mensagem enviada: 16:08:51 | Bob -> Mary: ola
2025-05-21 16:09:25,492 - INFO - [Bob] ⚠️ TIMEOUT! Regenerando token...
2025-05-21 16:09:25,492 - INFO - [Bob] Última passagem do token: 5.01s atrás
2025-05-21 16:09:25,492 - INFO - [Bob] ✅ Token recebido - Pronto para enviar mensagens
2025-05-21 16:09:25,492 - INFO - [Bob] Enviando mensagem para Mary
2025-05-21 16:09:25,492 - INFO - [Bob] Ignorando mensagem própria: 16:08:51 | Bob -> Nary: ola
2025-05-21 16:09:25,492 - INFO - [Bob] Mensagem enviada: 16:08:51 | Bob -> Nary: ola
2025-05-21 16:09:30,505 - INFO - [Bob] ⚠️ TIMEOUT! Regenerando token...
2025-05-21 16:09:30,505 - INFO - [Bob] Última passagem do token: 5.01s atrás
2025-05-21 16:09:30,505 - INFO - [Bob] ✅ Token recebido - Pronto para enviar mensagens
2025-05-21 16:09:30,505 - INFO - [Bob] Enviando mensagem para Mary
2025-05-21 16:09:30,510 - INFO - [Bob] Ignorando mensagem própria: 16:08:51 | Bob -> Mary: ola
2025-05-21 16:09:30,510 - INFO - [Bob] Mensagem enviada: 16:08:51 | Bob -> Mary: ola
2025-05-21 16:09:35,518 - INFO - [Bob] ⚠️ TIMEOUT! Regenerando token...
2025-05-21 16:09:35,518 - INFO - [Bob] Última passagem do token: 5.01s atrás
2025-05-21 16:09:35,518 - INFO - [Bob] ✅ Token recebido - Pronto para enviar mensagens
2025-05-21 16:09:35,518 - INFO - [Bob] Enviando mensagem para Mary
2025-05-21 16:09:35,518 - INFO - [Bob] Ignorando mensagem própria: 16:08:51 | Bob -> Mary: ola
2025-05-21 16:09:35,518 - INFO - [Bob] Mensagem enviada: 16:08:51 | Bob -> Mary: ola
2025-05-21 16:09:40,529 - INFO - [Bob] ⚠️ TIMEOUT! Regenerando token...
2025-05-21 16:09:40,529 - INFO - [Bob] Última passagem do token: 5.01s atrás
2025-05-21 16:09:40,529 - INFO - [Bob] ✅ Token recebido - Pronto para enviar mensagens
2025-05-21 16:09:40,529 - INFO - [Bob] Enviando mensagem para Mary
2025-05-21 16:09:40,529 - INFO - [Bob] Ignorando mensagem própria: 16:08:51 | Bob -> Mary: ola
2025-05-21 16:09:40,529 - INFO - [Bob] Mensagem enviada: 16:08:51 | Bob -> Mary: ola
2025-05-21 16:09:45,542 - INFO - [Bob] ⚠️ TIMEOUT! Regenerando token...
2025-05-21 16:09:45,542 - INFO - [Bob] Última passagem do token: 5.01s atrás
2025-05-21 16:09:45,542 - INFO - [Bob] ✅ Token recebido - Pronto para enviar mensagens
2025-05-21 16:09:45,542 - INFO - [Bob] Enviando mensagem para Mary
2025-05-21 16:09:45,542 - INFO - [Bob] Ignorando mensagem própria: 16:08:51 | Bob -> Mary: ola
2025-05-21 16:09:45,542 - INFO - [Bob] Mensagem enviada: 16:08:51 | Bob -> Mary: ola
2025-05-21 16:09:50,555 - INFO - [Bob] ⚠️ TIMEOUT! Regenerando token...
2025-05-21 16:09:50,555 - INFO - [Bob] Última passagem do token: 5.01s atrás
2025-05-21 16:09:50,555 - INFO - [Bob] ✅ Token recebido - Pronto para enviar mensagens
2025-05-21 16:09:50,555 - INFO - [Bob] Enviando mensagem para Mary
2025-05-21 16:09:50,555 - INFO - [Bob] Ignorando mensagem própria: 16:08:51 | Bob -> Mary: ola
2025-05-21 16:09:50,555 - INFO - [Bob] Mensagem enviada: 16:08:51 | Bob -> Mary: ola
2025-05-21 16:09:55,567 - INFO - [Bob] ⚠️ TIMEOUT! Regenerando token...
2025-05-21 16:09:55,567 - INFO - [Bob] Última passagem do token: 5.01s atrás
2025-05-21 16:09:55,567 - INFO - [Bob] ✅ Token recebido - Pronto para enviar mensagens
2025-05-21 16:09:55,567 - INFO - [Bob] Enviando mensagem para Mary
2025-05-21 16:09:55,567 - INFO - [Bob] Ignorando mensagem própria: 16:08:51 | Bob -> Mary: ola
2025-05-21 16:09:55,567 - INFO - [Bob] Mensagem enviada: 16:08:51 | Bob -> Mary: ola
2025-05-21 16:10:00,578 - INFO - [Bob] ⚠️ TIMEOUT! Regenerando token...
2025-05-21 16:10:00,578 - INFO - [Bob] Última passagem do token: 5.01s atrás
2025-05-21 16:10:00,578 - INFO - [Bob] ✅ Token recebido - Pronto para enviar mensagens
2025-05-21 16:10:00,578 - INFO - [Bob] Enviando mensagem para Mary
2025-05-21 16:10:00,578 - INFO - [Bob] Ignorando mensagem própria: 16:08:51 | Bob -> Mary: ola
2025-05-21 16:10:00,578 - INFO - [Bob] Mensagem enviada: 16:08:51 | Bob -> Mary: ola
2025-05-21 16:10:04,611 - INFO - Encerrando aplicação...
2025-05-21 16:10:04,611 - ERROR - Erro na interface: 
