2025-06-03 19:13:28,326 - INFO - Iniciando nó Computador2 em 127.0.0.1:6001
2025-06-03 19:13:28,326 - INFO - [Computador2] Receptor ativo em 127.0.0.1:6001
2025-06-03 19:13:28,326 - INFO - [Computador2] Aguardando mensagens e tokens...
2025-06-03 19:13:28,326 - INFO - [Computador2] Próximo nó: 127.0.0.1:6002
2025-06-03 19:13:28,326 - INFO - [Computador2] Nó Computador2 adicionado ao mapeamento: 127.0.0.1:6001
2025-06-03 19:13:28,326 - INFO - [Computador2] Enviando mensagem de descoberta para 127.0.0.1:6002
2025-06-03 19:13:31,923 - INFO - [Computador3] Nó Computador3 adicionado ao mapeamento: 127.0.0.1:6002
2025-06-03 19:13:31,923 - INFO - [Computador2] Nó descoberto: Computador3 (127.0.0.1:6002)
2025-06-03 19:13:32,482 - INFO - [Computador2] ✅ Token recebido - Pronto para enviar mensagens
2025-06-03 19:13:32,555 - INFO - [Computador2] Nenhuma mensagem. Enviando token.
2025-06-03 19:13:37,511 - INFO - [Computador2] ✅ Token recebido - Pronto para enviar mensagens
2025-06-03 19:13:37,581 - INFO - [Computador2] Nenhuma mensagem. Enviando token.
2025-06-03 19:13:42,539 - INFO - [Computador2] ✅ Token recebido - Pronto para enviar mensagens
2025-06-03 19:13:42,611 - INFO - [Computador2] Nenhuma mensagem. Enviando token.
2025-06-03 19:13:47,568 - INFO - [Computador2] ✅ Token recebido - Pronto para enviar mensagens
2025-06-03 19:13:47,637 - INFO - [Computador2] Nenhuma mensagem. Enviando token.
2025-06-03 19:13:52,595 - INFO - [Computador2] ✅ Token recebido - Pronto para enviar mensagens
2025-06-03 19:13:52,663 - INFO - [Computador2] Nenhuma mensagem. Enviando token.
2025-06-03 19:13:57,626 - INFO - [Computador2] ✅ Token recebido - Pronto para enviar mensagens
2025-06-03 19:13:57,690 - INFO - [Computador2] Nenhuma mensagem. Enviando token.
2025-06-03 19:14:02,694 - INFO - [Computador2] ✅ Token recebido - Pronto para enviar mensagens
2025-06-03 19:14:02,720 - INFO - [Computador2] Nenhuma mensagem. Enviando token.
2025-06-03 19:14:07,725 - INFO - [Computador2] ✅ Token recebido - Pronto para enviar mensagens
2025-06-03 19:14:07,747 - INFO - [Computador2] Nenhuma mensagem. Enviando token.
2025-06-03 19:14:12,752 - INFO - [Computador2] ✅ Token recebido - Pronto para enviar mensagens
2025-06-03 19:14:12,773 - INFO - [Computador2] Nenhuma mensagem. Enviando token.
2025-06-03 19:14:17,777 - INFO - [Computador2] ✅ Token recebido - Pronto para enviar mensagens
2025-06-03 19:14:17,808 - INFO - [Computador2] Nenhuma mensagem. Enviando token.
2025-06-03 19:14:23,368 - INFO - [Computador2] ✅ Token recebido - Pronto para enviar mensagens
2025-06-03 19:14:23,437 - INFO - [Computador2] Nenhuma mensagem. Enviando token.
2025-06-03 19:14:28,394 - INFO - [Computador2] ✅ Token recebido - Pronto para enviar mensagens
2025-06-03 19:14:28,463 - INFO - [Computador2] Nenhuma mensagem. Enviando token.
2025-06-03 19:14:33,423 - INFO - [Computador2] ✅ Token recebido - Pronto para enviar mensagens
2025-06-03 19:14:33,488 - INFO - [Computador2] Nenhuma mensagem. Enviando token.
2025-06-03 19:14:38,470 - INFO - [Computador2] ✅ Token recebido - Pronto para enviar mensagens
2025-06-03 19:14:38,545 - INFO - [Computador2] Nenhuma mensagem. Enviando token.
2025-06-03 19:14:43,497 - INFO - [Computador2] ✅ Token recebido - Pronto para enviar mensagens
2025-06-03 19:14:43,572 - INFO - [Computador2] Nenhuma mensagem. Enviando token.
2025-06-03 19:14:48,390 - INFO - Encerrando aplicação...
2025-06-03 19:14:48,392 - ERROR - Erro na interface: 
